C:\USERS\MURASHOVS\DESKTOP\ASTAR\ASTAR\ASTAR\DEBUG\ASTAR.PCH
C:\USERS\MURASHOVS\DESKTOP\ASTAR\ASTAR\ASTAR\DEBUG\STDAFX.OBJ
C:\USERS\MURASHOVS\DESKTOP\ASTAR\ASTAR\ASTAR\DEBUG\VC110.PDB
C:\USERS\MURASHOVS\DESKTOP\ASTAR\ASTAR\ASTAR\DEBUG\A CLASS.OBJ
C:\USERS\MURASHOVS\DESKTOP\ASTAR\ASTAR\ASTAR\DEBUG\ASTAR.OBJ
C:\USERS\MURASHOVS\DESKTOP\ASTAR\ASTAR\DEBUG\ASTAR.ILK
C:\USERS\MURASHOVS\DESKTOP\ASTAR\ASTAR\DEBUG\ASTAR.EXE
C:\USERS\MURASHOVS\DESKTOP\ASTAR\ASTAR\DEBUG\ASTAR.PDB
C:\Users\Murashovs\Desktop\Astar\Astar\Astar\Debug\A class.obj
C:\Users\Murashovs\Desktop\Astar\Astar\Astar\Debug\Astar.obj
C:\Users\Murashovs\Desktop\Astar\Astar\Astar\Debug\stdafx.obj
C:\Users\Murashovs\Desktop\Astar\Astar\Astar\Debug\cl.command.1.tlog
C:\Users\Murashovs\Desktop\Astar\Astar\Astar\Debug\CL.read.1.tlog
C:\Users\Murashovs\Desktop\Astar\Astar\Astar\Debug\CL.write.1.tlog
C:\Users\Murashovs\Desktop\Astar\Astar\Astar\Debug\link-cvtres.read.1.tlog
C:\Users\Murashovs\Desktop\Astar\Astar\Astar\Debug\link-cvtres.write.1.tlog
C:\Users\Murashovs\Desktop\Astar\Astar\Astar\Debug\link-rc.read.1.tlog
C:\Users\Murashovs\Desktop\Astar\Astar\Astar\Debug\link-rc.write.1.tlog
C:\Users\Murashovs\Desktop\Astar\Astar\Astar\Debug\link.command.1.tlog
C:\Users\Murashovs\Desktop\Astar\Astar\Astar\Debug\link.read.1.tlog
C:\Users\Murashovs\Desktop\Astar\Astar\Astar\Debug\link.write.1.tlog
C:\Users\Murashovs\Desktop\Astar\Astar\Astar\Debug\Astar.pch
C:\Users\Murashovs\Desktop\Astar\Astar\Astar\Debug\vc110.idb
C:\Users\Murashovs\Desktop\Astar\Astar\Astar\Debug\vc110.pdb
C:\Users\Murashovs\Desktop\Astar\Astar\Debug\Astar.pdb
C:\Users\Murashovs\Desktop\Astar\Astar\Debug\Astar.exe
C:\Users\Murashovs\Desktop\Astar\Astar\Debug\Astar.ilk
